Arguments: 
  C:\Program Files\nodejs\node.exe C:\Users\pom\AppData\Roaming\npm\node_modules\yarn\bin\yarn.js install

PATH: 
  %SystemRoot%\system32\WBEM;C:\Windows\system32\WBEM;C:\Program Files (x86)\VMware\VMware Workstation\bin\;C:\Program Files\Common Files\Oracle\Java\javapath;C:\Python38\Scripts\;C:\Python38\;C:\Windows\system32;C:\Windows;C:\Windows\System32\Wbem;C:\Windows\System32\WindowsPowerShell\v1.0\;C:\Windows\System32\OpenSSH\;C:\Program Files\TortoiseSVN\bin;C:\Program Files\Git\cmd;C:\Program Files\nodejs\;C:\ProgramData\chocolatey\bin;C:\xampp7.4.12\php;C:\composer;C:\Program Files\dotnet\;C:\Program Files\Microsoft SQL Server\130\Tools\Binn\;C:\Program Files\Microsoft SQL Server\Client SDK\ODBC\170\Tools\Binn\;C:\Program Files\PuTTY\;D:\tools\flutter\bin;D:\tools\jdk-16.0.1_windows-x64_bin\jdk-16.0.1\bin;C:\Program Files\mingw-w64\x86_64-8.1.0-posix-seh-rt_v6-rev0\mingw64\bin;C:\Program Files (x86)\sbt\bin;C:\Program Files (x86)\scala\bin;C:\Program Files (x86)\Microsoft SQL Server\150\DTS\Binn\;C:\Program Files\Azure Data Studio\bin;C:\Program Files (x86)\Microsoft SQL Server\150\Tools\Binn\;C:\Program Files\Microsoft SQL Server\150\Tools\Binn\;C:\Program Files\Microsoft SQL Server\150\DTS\Binn\;D:\AAAAAAA_JGI\D\Website\Current_Work\Z_Crypto\UpdateDapp\go-ipfs;C:\Users\pom\.cargo\bin;C:\Users\pom\AppData\Local\Microsoft\WindowsApps;C:\Users\pom\AppData\Local\Programs\Microsoft VS Code\bin;C:\Users\pom\AppData\Roaming\npm;C:\Users\pom\AppData\Roaming\Composer\vendor\bin;C:\Users\pom\.dotnet\tools;C:\tools\dart-sdk\bin;C:\Users\pom\AppData\Roaming\Pub\Cache\bin;C:\Users\pom\AppData\Local\Programs\IPFS Desktop\resources\app.asar.unpacked\src\ipfs-on-path\scripts\bin-win;C:\Users\pom\.local\share\solana\install\active_release\bin;C:\Users\pom\.cargo\bin;C:\Users\pom\AppData\Local\Microsoft\WindowsApps;C:\Users\pom\AppData\Local\Programs\Microsoft VS Code\bin;C:\Users\pom\AppData\Roaming\npm;C:\Users\pom\AppData\Roaming\Composer\vendor\bin;C:\Users\pom\.dotnet\tools;C:\tools\dart-sdk\bin;C:\Users\pom\AppData\Roaming\Pub\Cache\bin;D:\tools\flutter\bin;D:\tools\jdk-16.0.1_windows-x64_bin\jdk-16.0.1\bin;;C:\Program Files\Azure Data Studio\bin;C:\Users\pom\AppData\Local\Programs\IPFS Desktop\resources\app.asar.unpacked\src\ipfs-on-path\scripts\bin-win

Yarn version: 
  1.22.11

Node version: 
  14.15.0

Platform: 
  win32 x64

Trace: 
  Error: unexpected end of file
      at Zlib.zlibOnError [as onerror] (zlib.js:182:17)

npm manifest: 
  {
    "name": "@solana/spl-token-swap",
    "version": "0.1.2",
    "description": "SPL Token Swap JavaScript API",
    "license": "MIT",
    "author": "Solana Maintainers <maintainers@solana.foundation>",
    "homepage": "https://solana.com/",
    "repository": {
      "type": "git",
      "url": "https://github.com/solana-labs/solana-program-library"
    },
    "bugs": {
      "url": "https://github.com/solana-labs/solana-program-library/issues"
    },
    "publishConfig": {
      "access": "public"
    },
    "browser": "dist.browser/index.js",
    "main": "dist/index.js",
    "types": "dist/index.d.ts",
    "browserslist": [
      "defaults",
      "not IE 11",
      "maintained node versions"
    ],
    "files": [
      "/dist",
      "/dist.browser"
    ],
    "scripts": {
      "start": "ts-node cli/main.ts",
      "start-with-test-validator": "start-server-and-test 'solana-test-validator --bpf-program SwaPpA9LAaLfeLi3a68M4DjnLqgtticKg6CnyNwgAC8 ../../target/deploy/spl_token_swap.so --reset --quiet' http://localhost:8899/health start",
      "lint": "npm run pretty && eslint .",
      "lint:fix": "npm run pretty:fix && eslint . --fix",
      "generate:flow": "flowgen dist/index.d.ts -o dist/module.flow.js",
      "lint:watch": "watch 'npm run lint:fix' . --wait=1",
      "build": "cargo build-bpf --manifest-path ../program/Cargo.toml",
      "deploy": "solana program deploy ../program/target/deploy/cropper_liquidity_pool.so",
      "cluster:localnet": "rm -f .env",
      "cluster:devnet": "cp cluster-devnet.env .env",
      "cluster:testnet": "cp cluster-testnet.env .env",
      "cluster:mainnet-beta": "cp cluster-mainnet-beta.env .env",
      "pretty": "prettier --check '{,???/**/}*.ts'",
      "pretty:fix": "prettier --write '{,???/**/}*.ts'"
    },
    "keywords": [],
    "dependencies": {
      "@solana/web3.js": "^1.10.0",
      "bn.js": "^5.1.3",
      "buffer-layout": "^1.2.0",
      "dotenv": "10.0.0",
      "json-to-pretty-yaml": "^1.2.2",
      "mkdirp": "1.0.4"
    },
    "devDependencies": {
      "@solana/spl-token": "0.1.6",
      "@types/bn.js": "^5.1.0",
      "eslint": "^7.9.0",
      "eslint-plugin-import": "^2.22.0",
      "flow-bin": "0.156.0",
      "flow-typed": "^3.2.0",
      "flowgen": "^1.14.1",
      "mz": "^2.7.0",
      "prettier": "^2.1.2",
      "start-server-and-test": "^1.11.6",
      "ts-node": "^10.0.0",
      "typescript": "^4.2.4",
      "watch": "^1.0.2"
    },
    "engines": {
      "node": ">= 10"
    }
  }

yarn manifest: 
  No manifest

Lockfile: 
  No lockfile
